<?xml version="1.0" encoding="UTF-8"?>
<testsuite xmlns:xsi="http://www.w3.org/2001/XMLSchema-instance" xsi:noNamespaceSchemaLocation="https://maven.apache.org/surefire/maven-surefire-plugin/xsd/surefire-test-report.xsd" name="com.example.helloworld.core.PersonTest" time="1.184" tests="1" errors="0" skipped="0" failures="0">
  <properties>
    <property name="java.specification.version" value="18"/>
    <property name="sun.cpu.isalist" value="amd64"/>
    <property name="sun.jnu.encoding" value="Cp1252"/>
    <property name="user.region" value="US"/>
    <property name="java.class.path" value="C:\Users\06960720761\codigo_porangatu\target\test-classes;C:\Users\06960720761\codigo_porangatu\target\classes;C:\Users\06960720761\.m2\repository\io\dropwizard\dropwizard-core\2.1.1\dropwizard-core-2.1.1.jar;C:\Users\06960720761\.m2\repository\io\dropwizard\dropwizard-util\2.1.1\dropwizard-util-2.1.1.jar;C:\Users\06960720761\.m2\repository\com\google\guava\guava\31.1-jre\guava-31.1-jre.jar;C:\Users\06960720761\.m2\repository\com\google\guava\failureaccess\1.0.1\failureaccess-1.0.1.jar;C:\Users\06960720761\.m2\repository\com\google\guava\listenablefuture\9999.0-empty-to-avoid-conflict-with-guava\listenablefuture-9999.0-empty-to-avoid-conflict-with-guava.jar;C:\Users\06960720761\.m2\repository\com\google\j2objc\j2objc-annotations\1.3\j2objc-annotations-1.3.jar;C:\Users\06960720761\.m2\repository\io\dropwizard\dropwizard-jackson\2.1.1\dropwizard-jackson-2.1.1.jar;C:\Users\06960720761\.m2\repository\com\fasterxml\jackson\core\jackson-core\2.13.3\jackson-core-2.13.3.jar;C:\Users\06960720761\.m2\repository\com\fasterxml\jackson\datatype\jackson-datatype-jsr310\2.13.3\jackson-datatype-jsr310-2.13.3.jar;C:\Users\06960720761\.m2\repository\com\fasterxml\jackson\datatype\jackson-datatype-jdk8\2.13.3\jackson-datatype-jdk8-2.13.3.jar;C:\Users\06960720761\.m2\repository\com\fasterxml\jackson\module\jackson-module-parameter-names\2.13.3\jackson-module-parameter-names-2.13.3.jar;C:\Users\06960720761\.m2\repository\com\fasterxml\jackson\module\jackson-module-blackbird\2.13.3\jackson-module-blackbird-2.13.3.jar;C:\Users\06960720761\.m2\repository\com\fasterxml\jackson\datatype\jackson-datatype-joda\2.13.3\jackson-datatype-joda-2.13.3.jar;C:\Users\06960720761\.m2\repository\io\dropwizard\dropwizard-validation\2.1.1\dropwizard-validation-2.1.1.jar;C:\Users\06960720761\.m2\repository\com\fasterxml\classmate\1.5.1\classmate-1.5.1.jar;C:\Users\06960720761\.m2\repository\org\glassfish\jakarta.el\3.0.4\jakarta.el-3.0.4.jar;C:\Users\06960720761\.m2\repository\io\dropwizard\dropwizard-configuration\2.1.1\dropwizard-configuration-2.1.1.jar;C:\Users\06960720761\.m2\repository\com\fasterxml\jackson\dataformat\jackson-dataformat-yaml\2.13.3\jackson-dataformat-yaml-2.13.3.jar;C:\Users\06960720761\.m2\repository\org\yaml\snakeyaml\1.30\snakeyaml-1.30.jar;C:\Users\06960720761\.m2\repository\org\apache\commons\commons-text\1.9\commons-text-1.9.jar;C:\Users\06960720761\.m2\repository\org\apache\commons\commons-lang3\3.12.0\commons-lang3-3.12.0.jar;C:\Users\06960720761\.m2\repository\io\dropwizard\dropwizard-logging\2.1.1\dropwizard-logging-2.1.1.jar;C:\Users\06960720761\.m2\repository\io\dropwizard\metrics\metrics-logback\4.2.10\metrics-logback-4.2.10.jar;C:\Users\06960720761\.m2\repository\org\slf4j\jul-to-slf4j\1.7.36\jul-to-slf4j-1.7.36.jar;C:\Users\06960720761\.m2\repository\ch\qos\logback\logback-core\1.2.11\logback-core-1.2.11.jar;C:\Users\06960720761\.m2\repository\io\dropwizard\logback\logback-throttling-appender\1.1.9\logback-throttling-appender-1.1.9.jar;C:\Users\06960720761\.m2\repository\org\slf4j\log4j-over-slf4j\1.7.36\log4j-over-slf4j-1.7.36.jar;C:\Users\06960720761\.m2\repository\org\slf4j\jcl-over-slf4j\1.7.36\jcl-over-slf4j-1.7.36.jar;C:\Users\06960720761\.m2\repository\io\dropwizard\dropwizard-metrics\2.1.1\dropwizard-metrics-2.1.1.jar;C:\Users\06960720761\.m2\repository\io\dropwizard\dropwizard-jersey\2.1.1\dropwizard-jersey-2.1.1.jar;C:\Users\06960720761\.m2\repository\org\glassfish\jersey\ext\jersey-metainf-services\2.36\jersey-metainf-services-2.36.jar;C:\Users\06960720761\.m2\repository\org\glassfish\jersey\inject\jersey-hk2\2.36\jersey-hk2-2.36.jar;C:\Users\06960720761\.m2\repository\org\glassfish\hk2\hk2-locator\2.6.1\hk2-locator-2.6.1.jar;C:\Users\06960720761\.m2\repository\io\dropwizard\metrics\metrics-jersey2\4.2.10\metrics-jersey2-4.2.10.jar;C:\Users\06960720761\.m2\repository\joda-time\joda-time\2.10.14\joda-time-2.10.14.jar;C:\Users\06960720761\.m2\repository\org\glassfish\hk2\hk2-api\2.6.1\hk2-api-2.6.1.jar;C:\Users\06960720761\.m2\repository\org\glassfish\hk2\hk2-utils\2.6.1\hk2-utils-2.6.1.jar;C:\Users\06960720761\.m2\repository\org\glassfish\hk2\external\aopalliance-repackaged\2.6.1\aopalliance-repackaged-2.6.1.jar;C:\Users\06960720761\.m2\repository\org\glassfish\jersey\containers\jersey-container-servlet\2.36\jersey-container-servlet-2.36.jar;C:\Users\06960720761\.m2\repository\io\dropwizard\dropwizard-servlets\2.1.1\dropwizard-servlets-2.1.1.jar;C:\Users\06960720761\.m2\repository\io\dropwizard\dropwizard-jetty\2.1.1\dropwizard-jetty-2.1.1.jar;C:\Users\06960720761\.m2\repository\org\eclipse\jetty\jetty-servlets\9.4.48.v20220622\jetty-servlets-9.4.48.v20220622.jar;C:\Users\06960720761\.m2\repository\org\eclipse\jetty\jetty-continuation\9.4.48.v20220622\jetty-continuation-9.4.48.v20220622.jar;C:\Users\06960720761\.m2\repository\io\dropwizard\dropwizard-lifecycle\2.1.1\dropwizard-lifecycle-2.1.1.jar;C:\Users\06960720761\.m2\repository\io\dropwizard\dropwizard-health\2.1.1\dropwizard-health-2.1.1.jar;C:\Users\06960720761\.m2\repository\io\dropwizard\metrics\metrics-core\4.2.10\metrics-core-4.2.10.jar;C:\Users\06960720761\.m2\repository\io\dropwizard\metrics\metrics-jetty9\4.2.10\metrics-jetty9-4.2.10.jar;C:\Users\06960720761\.m2\repository\io\dropwizard\metrics\metrics-jvm\4.2.10\metrics-jvm-4.2.10.jar;C:\Users\06960720761\.m2\repository\io\dropwizard\metrics\metrics-jmx\4.2.10\metrics-jmx-4.2.10.jar;C:\Users\06960720761\.m2\repository\io\dropwizard\metrics\metrics-servlets\4.2.10\metrics-servlets-4.2.10.jar;C:\Users\06960720761\.m2\repository\io\dropwizard\metrics\metrics-json\4.2.10\metrics-json-4.2.10.jar;C:\Users\06960720761\.m2\repository\com\helger\profiler\1.1.1\profiler-1.1.1.jar;C:\Users\06960720761\.m2\repository\io\dropwizard\metrics\metrics-healthchecks\4.2.10\metrics-healthchecks-4.2.10.jar;C:\Users\06960720761\.m2\repository\io\dropwizard\dropwizard-request-logging\2.1.1\dropwizard-request-logging-2.1.1.jar;C:\Users\06960720761\.m2\repository\ch\qos\logback\logback-access\1.2.11\logback-access-1.2.11.jar;C:\Users\06960720761\.m2\repository\ch\qos\logback\logback-classic\1.2.11\logback-classic-1.2.11.jar;C:\Users\06960720761\.m2\repository\com\fasterxml\jackson\core\jackson-annotations\2.13.3\jackson-annotations-2.13.3.jar;C:\Users\06960720761\.m2\repository\com\fasterxml\jackson\core\jackson-databind\2.13.3\jackson-databind-2.13.3.jar;C:\Users\06960720761\.m2\repository\com\google\code\findbugs\jsr305\3.0.2\jsr305-3.0.2.jar;C:\Users\06960720761\.m2\repository\jakarta\servlet\jakarta.servlet-api\4.0.4\jakarta.servlet-api-4.0.4.jar;C:\Users\06960720761\.m2\repository\jakarta\validation\jakarta.validation-api\2.0.2\jakarta.validation-api-2.0.2.jar;C:\Users\06960720761\.m2\repository\jakarta\ws\rs\jakarta.ws.rs-api\2.1.6\jakarta.ws.rs-api-2.1.6.jar;C:\Users\06960720761\.m2\repository\net\sourceforge\argparse4j\argparse4j\0.9.0\argparse4j-0.9.0.jar;C:\Users\06960720761\.m2\repository\org\eclipse\jetty\jetty-security\9.4.48.v20220622\jetty-security-9.4.48.v20220622.jar;C:\Users\06960720761\.m2\repository\org\eclipse\jetty\jetty-server\9.4.48.v20220622\jetty-server-9.4.48.v20220622.jar;C:\Users\06960720761\.m2\repository\org\eclipse\jetty\jetty-servlet\9.4.48.v20220622\jetty-servlet-9.4.48.v20220622.jar;C:\Users\06960720761\.m2\repository\org\eclipse\jetty\jetty-util-ajax\9.4.48.v20220622\jetty-util-ajax-9.4.48.v20220622.jar;C:\Users\06960720761\.m2\repository\org\eclipse\jetty\jetty-util\9.4.48.v20220622\jetty-util-9.4.48.v20220622.jar;C:\Users\06960720761\.m2\repository\org\eclipse\jetty\toolchain\setuid\jetty-setuid-java\1.0.4\jetty-setuid-java-1.0.4.jar;C:\Users\06960720761\.m2\repository\jakarta\inject\jakarta.inject-api\1.0.5\jakarta.inject-api-1.0.5.jar;C:\Users\06960720761\.m2\repository\org\glassfish\jersey\core\jersey-common\2.36\jersey-common-2.36.jar;C:\Users\06960720761\.m2\repository\org\glassfish\hk2\external\jakarta.inject\2.6.1\jakarta.inject-2.6.1.jar;C:\Users\06960720761\.m2\repository\org\glassfish\hk2\osgi-resource-locator\1.0.3\osgi-resource-locator-1.0.3.jar;C:\Users\06960720761\.m2\repository\org\glassfish\jersey\ext\jersey-bean-validation\2.36\jersey-bean-validation-2.36.jar;C:\Users\06960720761\.m2\repository\org\hibernate\validator\hibernate-validator\6.2.3.Final\hibernate-validator-6.2.3.Final.jar;C:\Users\06960720761\.m2\repository\org\jboss\logging\jboss-logging\3.4.1.Final\jboss-logging-3.4.1.Final.jar;C:\Users\06960720761\.m2\repository\org\slf4j\slf4j-api\1.7.36\slf4j-api-1.7.36.jar;C:\Users\06960720761\.m2\repository\io\dropwizard\dropwizard-auth\2.1.1\dropwizard-auth-2.1.1.jar;C:\Users\06960720761\.m2\repository\io\dropwizard\metrics\metrics-caffeine\4.2.10\metrics-caffeine-4.2.10.jar;C:\Users\06960720761\.m2\repository\org\checkerframework\checker-qual\3.22.2\checker-qual-3.22.2.jar;C:\Users\06960720761\.m2\repository\com\github\ben-manes\caffeine\caffeine\2.9.3\caffeine-2.9.3.jar;C:\Users\06960720761\.m2\repository\com\google\errorprone\error_prone_annotations\2.10.0\error_prone_annotations-2.10.0.jar;C:\Users\06960720761\.m2\repository\jakarta\annotation\jakarta.annotation-api\1.3.5\jakarta.annotation-api-1.3.5.jar;C:\Users\06960720761\.m2\repository\org\glassfish\jersey\containers\jersey-container-servlet-core\2.36\jersey-container-servlet-core-2.36.jar;C:\Users\06960720761\.m2\repository\org\glassfish\jersey\core\jersey-server\2.36\jersey-server-2.36.jar;C:\Users\06960720761\.m2\repository\io\dropwizard\dropwizard-assets\2.1.1\dropwizard-assets-2.1.1.jar;C:\Users\06960720761\.m2\repository\io\dropwizard\dropwizard-http2\2.1.1\dropwizard-http2-2.1.1.jar;C:\Users\06960720761\.m2\repository\org\eclipse\jetty\jetty-alpn-server\9.4.48.v20220622\jetty-alpn-server-9.4.48.v20220622.jar;C:\Users\06960720761\.m2\repository\org\eclipse\jetty\jetty-http\9.4.48.v20220622\jetty-http-9.4.48.v20220622.jar;C:\Users\06960720761\.m2\repository\org\eclipse\jetty\http2\http2-server\9.4.48.v20220622\http2-server-9.4.48.v20220622.jar;C:\Users\06960720761\.m2\repository\org\eclipse\jetty\http2\http2-common\9.4.48.v20220622\http2-common-9.4.48.v20220622.jar;C:\Users\06960720761\.m2\repository\org\eclipse\jetty\http2\http2-hpack\9.4.48.v20220622\http2-hpack-9.4.48.v20220622.jar;C:\Users\06960720761\.m2\repository\org\eclipse\jetty\jetty-alpn-java-server\9.4.48.v20220622\jetty-alpn-java-server-9.4.48.v20220622.jar;C:\Users\06960720761\.m2\repository\org\eclipse\jetty\jetty-alpn-java-client\9.4.48.v20220622\jetty-alpn-java-client-9.4.48.v20220622.jar;C:\Users\06960720761\.m2\repository\org\eclipse\jetty\jetty-alpn-client\9.4.48.v20220622\jetty-alpn-client-9.4.48.v20220622.jar;C:\Users\06960720761\.m2\repository\io\dropwizard\dropwizard-hibernate\2.1.1\dropwizard-hibernate-2.1.1.jar;C:\Users\06960720761\.m2\repository\io\dropwizard\dropwizard-db\2.1.1\dropwizard-db-2.1.1.jar;C:\Users\06960720761\.m2\repository\com\fasterxml\jackson\datatype\jackson-datatype-hibernate5\2.13.3\jackson-datatype-hibernate5-2.13.3.jar;C:\Users\06960720761\.m2\repository\javax\persistence\javax.persistence-api\2.2\javax.persistence-api-2.2.jar;C:\Users\06960720761\.m2\repository\org\apache\tomcat\tomcat-jdbc\9.0.64\tomcat-jdbc-9.0.64.jar;C:\Users\06960720761\.m2\repository\org\apache\tomcat\tomcat-juli\9.0.64\tomcat-juli-9.0.64.jar;C:\Users\06960720761\.m2\repository\org\glassfish\jersey\core\jersey-client\2.36\jersey-client-2.36.jar;C:\Users\06960720761\.m2\repository\org\javassist\javassist\3.29.0-GA\javassist-3.29.0-GA.jar;C:\Users\06960720761\.m2\repository\org\jadira\usertype\usertype.core\7.0.0.CR1\usertype.core-7.0.0.CR1.jar;C:\Users\06960720761\.m2\repository\org\jadira\usertype\usertype.spi\7.0.0.CR1\usertype.spi-7.0.0.CR1.jar;C:\Users\06960720761\.m2\repository\org\hibernate\hibernate-core\5.6.9.Final\hibernate-core-5.6.9.Final.jar;C:\Users\06960720761\.m2\repository\antlr\antlr\2.7.7\antlr-2.7.7.jar;C:\Users\06960720761\.m2\repository\org\jboss\spec\javax\transaction\jboss-transaction-api_1.2_spec\1.1.1.Final\jboss-transaction-api_1.2_spec-1.1.1.Final.jar;C:\Users\06960720761\.m2\repository\org\jboss\jandex\2.4.2.Final\jandex-2.4.2.Final.jar;C:\Users\06960720761\.m2\repository\org\hibernate\common\hibernate-commons-annotations\5.1.2.Final\hibernate-commons-annotations-5.1.2.Final.jar;C:\Users\06960720761\.m2\repository\org\glassfish\jaxb\jaxb-runtime\2.3.1\jaxb-runtime-2.3.1.jar;C:\Users\06960720761\.m2\repository\org\glassfish\jaxb\txw2\2.3.1\txw2-2.3.1.jar;C:\Users\06960720761\.m2\repository\com\sun\istack\istack-commons-runtime\3.0.7\istack-commons-runtime-3.0.7.jar;C:\Users\06960720761\.m2\repository\org\jvnet\staxex\stax-ex\1.8\stax-ex-1.8.jar;C:\Users\06960720761\.m2\repository\com\sun\xml\fastinfoset\FastInfoset\1.2.15\FastInfoset-1.2.15.jar;C:\Users\06960720761\.m2\repository\jakarta\activation\jakarta.activation-api\1.2.2\jakarta.activation-api-1.2.2.jar;C:\Users\06960720761\.m2\repository\jakarta\xml\bind\jakarta.xml.bind-api\2.3.3\jakarta.xml.bind-api-2.3.3.jar;C:\Users\06960720761\.m2\repository\io\dropwizard\dropwizard-migrations\2.1.1\dropwizard-migrations-2.1.1.jar;C:\Users\06960720761\.m2\repository\org\liquibase\liquibase-core\4.12.0\liquibase-core-4.12.0.jar;C:\Users\06960720761\.m2\repository\com\opencsv\opencsv\5.6\opencsv-5.6.jar;C:\Users\06960720761\.m2\repository\org\apache\commons\commons-collections4\4.4\commons-collections4-4.4.jar;C:\Users\06960720761\.m2\repository\com\mattbertolini\liquibase-slf4j\4.1.0\liquibase-slf4j-4.1.0.jar;C:\Users\06960720761\.m2\repository\io\dropwizard\dropwizard-views-freemarker\2.1.1\dropwizard-views-freemarker-2.1.1.jar;C:\Users\06960720761\.m2\repository\io\dropwizard\dropwizard-views\2.1.1\dropwizard-views-2.1.1.jar;C:\Users\06960720761\.m2\repository\org\freemarker\freemarker\2.3.31\freemarker-2.3.31.jar;C:\Users\06960720761\.m2\repository\io\dropwizard\dropwizard-views-mustache\2.1.1\dropwizard-views-mustache-2.1.1.jar;C:\Users\06960720761\.m2\repository\com\github\spullara\mustache\java\compiler\0.9.10\compiler-0.9.10.jar;C:\Users\06960720761\.m2\repository\io\dropwizard\dropwizard-metrics-graphite\2.1.1\dropwizard-metrics-graphite-2.1.1.jar;C:\Users\06960720761\.m2\repository\io\dropwizard\metrics\metrics-graphite\4.2.10\metrics-graphite-4.2.10.jar;C:\Users\06960720761\.m2\repository\com\rabbitmq\amqp-client\5.15.0\amqp-client-5.15.0.jar;C:\Users\06960720761\.m2\repository\com\h2database\h2\2.1.214\h2-2.1.214.jar;C:\Users\06960720761\.m2\repository\io\dropwizard\dropwizard-testing\2.1.1\dropwizard-testing-2.1.1.jar;C:\Users\06960720761\.m2\repository\io\dropwizard\metrics\metrics-annotation\4.2.10\metrics-annotation-4.2.10.jar;C:\Users\06960720761\.m2\repository\com\fasterxml\jackson\datatype\jackson-datatype-guava\2.13.3\jackson-datatype-guava-2.13.3.jar;C:\Users\06960720761\.m2\repository\com\fasterxml\jackson\jaxrs\jackson-jaxrs-json-provider\2.13.3\jackson-jaxrs-json-provider-2.13.3.jar;C:\Users\06960720761\.m2\repository\com\fasterxml\jackson\jaxrs\jackson-jaxrs-base\2.13.3\jackson-jaxrs-base-2.13.3.jar;C:\Users\06960720761\.m2\repository\com\fasterxml\jackson\module\jackson-module-jaxb-annotations\2.13.3\jackson-module-jaxb-annotations-2.13.3.jar;C:\Users\06960720761\.m2\repository\org\eclipse\jetty\jetty-io\9.4.48.v20220622\jetty-io-9.4.48.v20220622.jar;C:\Users\06960720761\.m2\repository\org\glassfish\jersey\connectors\jersey-grizzly-connector\2.36\jersey-grizzly-connector-2.36.jar;C:\Users\06960720761\.m2\repository\org\glassfish\grizzly\grizzly-http-client\1.16\grizzly-http-client-1.16.jar;C:\Users\06960720761\.m2\repository\org\glassfish\grizzly\grizzly-websockets\2.4.4\grizzly-websockets-2.4.4.jar;C:\Users\06960720761\.m2\repository\org\glassfish\grizzly\grizzly-framework\2.4.4\grizzly-framework-2.4.4.jar;C:\Users\06960720761\.m2\repository\org\glassfish\grizzly\grizzly-http\2.4.4\grizzly-http-2.4.4.jar;C:\Users\06960720761\.m2\repository\org\glassfish\grizzly\connection-pool\2.4.4\connection-pool-2.4.4.jar;C:\Users\06960720761\.m2\repository\org\glassfish\jersey\test-framework\jersey-test-framework-core\2.36\jersey-test-framework-core-2.36.jar;C:\Users\06960720761\.m2\repository\org\glassfish\jersey\media\jersey-media-jaxb\2.36\jersey-media-jaxb-2.36.jar;C:\Users\06960720761\.m2\repository\org\junit\jupiter\junit-jupiter\5.8.2\junit-jupiter-5.8.2.jar;C:\Users\06960720761\.m2\repository\org\junit\jupiter\junit-jupiter-api\5.8.2\junit-jupiter-api-5.8.2.jar;C:\Users\06960720761\.m2\repository\org\opentest4j\opentest4j\1.2.0\opentest4j-1.2.0.jar;C:\Users\06960720761\.m2\repository\org\junit\platform\junit-platform-commons\1.8.2\junit-platform-commons-1.8.2.jar;C:\Users\06960720761\.m2\repository\org\junit\jupiter\junit-jupiter-engine\5.8.2\junit-jupiter-engine-5.8.2.jar;C:\Users\06960720761\.m2\repository\org\junit\platform\junit-platform-engine\1.8.2\junit-platform-engine-1.8.2.jar;C:\Users\06960720761\.m2\repository\org\junit\jupiter\junit-jupiter-params\5.8.2\junit-jupiter-params-5.8.2.jar;C:\Users\06960720761\.m2\repository\org\apiguardian\apiguardian-api\1.1.2\apiguardian-api-1.1.2.jar;C:\Users\06960720761\.m2\repository\org\testcontainers\junit-jupiter\1.16.3\junit-jupiter-1.16.3.jar;C:\Users\06960720761\.m2\repository\org\testcontainers\testcontainers\1.16.3\testcontainers-1.16.3.jar;C:\Users\06960720761\.m2\repository\junit\junit\4.13.2\junit-4.13.2.jar;C:\Users\06960720761\.m2\repository\org\hamcrest\hamcrest-core\1.3\hamcrest-core-1.3.jar;C:\Users\06960720761\.m2\repository\org\apache\commons\commons-compress\1.21\commons-compress-1.21.jar;C:\Users\06960720761\.m2\repository\org\rnorth\duct-tape\duct-tape\1.0.8\duct-tape-1.0.8.jar;C:\Users\06960720761\.m2\repository\org\jetbrains\annotations\17.0.0\annotations-17.0.0.jar;C:\Users\06960720761\.m2\repository\com\github\docker-java\docker-java-api\3.2.12\docker-java-api-3.2.12.jar;C:\Users\06960720761\.m2\repository\com\github\docker-java\docker-java-transport-zerodep\3.2.12\docker-java-transport-zerodep-3.2.12.jar;C:\Users\06960720761\.m2\repository\com\github\docker-java\docker-java-transport\3.2.12\docker-java-transport-3.2.12.jar;C:\Users\06960720761\.m2\repository\net\java\dev\jna\jna\5.10.0\jna-5.10.0.jar;C:\Users\06960720761\.m2\repository\org\testcontainers\mysql\1.16.3\mysql-1.16.3.jar;C:\Users\06960720761\.m2\repository\org\testcontainers\jdbc\1.16.3\jdbc-1.16.3.jar;C:\Users\06960720761\.m2\repository\org\testcontainers\database-commons\1.16.3\database-commons-1.16.3.jar;C:\Users\06960720761\.m2\repository\mysql\mysql-connector-java\8.0.28\mysql-connector-java-8.0.28.jar;C:\Users\06960720761\.m2\repository\com\google\protobuf\protobuf-java\3.11.4\protobuf-java-3.11.4.jar;C:\Users\06960720761\.m2\repository\org\mockito\mockito-core\4.6.1\mockito-core-4.6.1.jar;C:\Users\06960720761\.m2\repository\net\bytebuddy\byte-buddy\1.12.12\byte-buddy-1.12.12.jar;C:\Users\06960720761\.m2\repository\net\bytebuddy\byte-buddy-agent\1.12.10\byte-buddy-agent-1.12.10.jar;C:\Users\06960720761\.m2\repository\org\objenesis\objenesis\3.2\objenesis-3.2.jar;C:\Users\06960720761\.m2\repository\org\assertj\assertj-core\3.23.1\assertj-core-3.23.1.jar;C:\Users\06960720761\.m2\repository\org\glassfish\jersey\test-framework\providers\jersey-test-framework-provider-inmemory\2.36\jersey-test-framework-provider-inmemory-2.36.jar;C:\Users\06960720761\.m2\repository\org\glassfish\jersey\test-framework\providers\jersey-test-framework-provider-grizzly2\2.36\jersey-test-framework-provider-grizzly2-2.36.jar;C:\Users\06960720761\.m2\repository\org\glassfish\jersey\containers\jersey-container-grizzly2-http\2.36\jersey-container-grizzly2-http-2.36.jar;C:\Users\06960720761\.m2\repository\org\glassfish\grizzly\grizzly-http-server\2.4.4\grizzly-http-server-2.4.4.jar;C:\Users\06960720761\.m2\repository\org\glassfish\jersey\containers\jersey-container-grizzly2-servlet\2.36\jersey-container-grizzly2-servlet-2.36.jar;C:\Users\06960720761\.m2\repository\org\glassfish\grizzly\grizzly-http-servlet\2.4.4\grizzly-http-servlet-2.4.4.jar;"/>
    <property name="java.vm.vendor" value="Oracle Corporation"/>
    <property name="sun.arch.data.model" value="64"/>
    <property name="user.variant" value=""/>
    <property name="java.vendor.url" value="https://java.oracle.com/"/>
    <property name="user.timezone" value="UTC"/>
    <property name="os.name" value="Windows 10"/>
    <property name="java.vm.specification.version" value="18"/>
    <property name="sun.java.launcher" value="SUN_STANDARD"/>
    <property name="user.country" value="BR"/>
    <property name="sun.boot.library.path" value="C:\Program Files\Java\jdk-18.0.2\bin"/>
    <property name="sun.java.command" value="C:\Users\069607~1\AppData\Local\Temp\surefire7314249872259018170\surefirebooter13341622627779664747.jar C:\Users\06960720761\AppData\Local\Temp\surefire7314249872259018170 2022-10-21T21-50-08_693-jvmRun1 surefire652495651944288426tmp surefire_013150289317971144568tmp"/>
    <property name="jdk.debug" value="release"/>
    <property name="surefire.test.class.path" value="C:\Users\06960720761\codigo_porangatu\target\test-classes;C:\Users\06960720761\codigo_porangatu\target\classes;C:\Users\06960720761\.m2\repository\io\dropwizard\dropwizard-core\2.1.1\dropwizard-core-2.1.1.jar;C:\Users\06960720761\.m2\repository\io\dropwizard\dropwizard-util\2.1.1\dropwizard-util-2.1.1.jar;C:\Users\06960720761\.m2\repository\com\google\guava\guava\31.1-jre\guava-31.1-jre.jar;C:\Users\06960720761\.m2\repository\com\google\guava\failureaccess\1.0.1\failureaccess-1.0.1.jar;C:\Users\06960720761\.m2\repository\com\google\guava\listenablefuture\9999.0-empty-to-avoid-conflict-with-guava\listenablefuture-9999.0-empty-to-avoid-conflict-with-guava.jar;C:\Users\06960720761\.m2\repository\com\google\j2objc\j2objc-annotations\1.3\j2objc-annotations-1.3.jar;C:\Users\06960720761\.m2\repository\io\dropwizard\dropwizard-jackson\2.1.1\dropwizard-jackson-2.1.1.jar;C:\Users\06960720761\.m2\repository\com\fasterxml\jackson\core\jackson-core\2.13.3\jackson-core-2.13.3.jar;C:\Users\06960720761\.m2\repository\com\fasterxml\jackson\datatype\jackson-datatype-jsr310\2.13.3\jackson-datatype-jsr310-2.13.3.jar;C:\Users\06960720761\.m2\repository\com\fasterxml\jackson\datatype\jackson-datatype-jdk8\2.13.3\jackson-datatype-jdk8-2.13.3.jar;C:\Users\06960720761\.m2\repository\com\fasterxml\jackson\module\jackson-module-parameter-names\2.13.3\jackson-module-parameter-names-2.13.3.jar;C:\Users\06960720761\.m2\repository\com\fasterxml\jackson\module\jackson-module-blackbird\2.13.3\jackson-module-blackbird-2.13.3.jar;C:\Users\06960720761\.m2\repository\com\fasterxml\jackson\datatype\jackson-datatype-joda\2.13.3\jackson-datatype-joda-2.13.3.jar;C:\Users\06960720761\.m2\repository\io\dropwizard\dropwizard-validation\2.1.1\dropwizard-validation-2.1.1.jar;C:\Users\06960720761\.m2\repository\com\fasterxml\classmate\1.5.1\classmate-1.5.1.jar;C:\Users\06960720761\.m2\repository\org\glassfish\jakarta.el\3.0.4\jakarta.el-3.0.4.jar;C:\Users\06960720761\.m2\repository\io\dropwizard\dropwizard-configuration\2.1.1\dropwizard-configuration-2.1.1.jar;C:\Users\06960720761\.m2\repository\com\fasterxml\jackson\dataformat\jackson-dataformat-yaml\2.13.3\jackson-dataformat-yaml-2.13.3.jar;C:\Users\06960720761\.m2\repository\org\yaml\snakeyaml\1.30\snakeyaml-1.30.jar;C:\Users\06960720761\.m2\repository\org\apache\commons\commons-text\1.9\commons-text-1.9.jar;C:\Users\06960720761\.m2\repository\org\apache\commons\commons-lang3\3.12.0\commons-lang3-3.12.0.jar;C:\Users\06960720761\.m2\repository\io\dropwizard\dropwizard-logging\2.1.1\dropwizard-logging-2.1.1.jar;C:\Users\06960720761\.m2\repository\io\dropwizard\metrics\metrics-logback\4.2.10\metrics-logback-4.2.10.jar;C:\Users\06960720761\.m2\repository\org\slf4j\jul-to-slf4j\1.7.36\jul-to-slf4j-1.7.36.jar;C:\Users\06960720761\.m2\repository\ch\qos\logback\logback-core\1.2.11\logback-core-1.2.11.jar;C:\Users\06960720761\.m2\repository\io\dropwizard\logback\logback-throttling-appender\1.1.9\logback-throttling-appender-1.1.9.jar;C:\Users\06960720761\.m2\repository\org\slf4j\log4j-over-slf4j\1.7.36\log4j-over-slf4j-1.7.36.jar;C:\Users\06960720761\.m2\repository\org\slf4j\jcl-over-slf4j\1.7.36\jcl-over-slf4j-1.7.36.jar;C:\Users\06960720761\.m2\repository\io\dropwizard\dropwizard-metrics\2.1.1\dropwizard-metrics-2.1.1.jar;C:\Users\06960720761\.m2\repository\io\dropwizard\dropwizard-jersey\2.1.1\dropwizard-jersey-2.1.1.jar;C:\Users\06960720761\.m2\repository\org\glassfish\jersey\ext\jersey-metainf-services\2.36\jersey-metainf-services-2.36.jar;C:\Users\06960720761\.m2\repository\org\glassfish\jersey\inject\jersey-hk2\2.36\jersey-hk2-2.36.jar;C:\Users\06960720761\.m2\repository\org\glassfish\hk2\hk2-locator\2.6.1\hk2-locator-2.6.1.jar;C:\Users\06960720761\.m2\repository\io\dropwizard\metrics\metrics-jersey2\4.2.10\metrics-jersey2-4.2.10.jar;C:\Users\06960720761\.m2\repository\joda-time\joda-time\2.10.14\joda-time-2.10.14.jar;C:\Users\06960720761\.m2\repository\org\glassfish\hk2\hk2-api\2.6.1\hk2-api-2.6.1.jar;C:\Users\06960720761\.m2\repository\org\glassfish\hk2\hk2-utils\2.6.1\hk2-utils-2.6.1.jar;C:\Users\06960720761\.m2\repository\org\glassfish\hk2\external\aopalliance-repackaged\2.6.1\aopalliance-repackaged-2.6.1.jar;C:\Users\06960720761\.m2\repository\org\glassfish\jersey\containers\jersey-container-servlet\2.36\jersey-container-servlet-2.36.jar;C:\Users\06960720761\.m2\repository\io\dropwizard\dropwizard-servlets\2.1.1\dropwizard-servlets-2.1.1.jar;C:\Users\06960720761\.m2\repository\io\dropwizard\dropwizard-jetty\2.1.1\dropwizard-jetty-2.1.1.jar;C:\Users\06960720761\.m2\repository\org\eclipse\jetty\jetty-servlets\9.4.48.v20220622\jetty-servlets-9.4.48.v20220622.jar;C:\Users\06960720761\.m2\repository\org\eclipse\jetty\jetty-continuation\9.4.48.v20220622\jetty-continuation-9.4.48.v20220622.jar;C:\Users\06960720761\.m2\repository\io\dropwizard\dropwizard-lifecycle\2.1.1\dropwizard-lifecycle-2.1.1.jar;C:\Users\06960720761\.m2\repository\io\dropwizard\dropwizard-health\2.1.1\dropwizard-health-2.1.1.jar;C:\Users\06960720761\.m2\repository\io\dropwizard\metrics\metrics-core\4.2.10\metrics-core-4.2.10.jar;C:\Users\06960720761\.m2\repository\io\dropwizard\metrics\metrics-jetty9\4.2.10\metrics-jetty9-4.2.10.jar;C:\Users\06960720761\.m2\repository\io\dropwizard\metrics\metrics-jvm\4.2.10\metrics-jvm-4.2.10.jar;C:\Users\06960720761\.m2\repository\io\dropwizard\metrics\metrics-jmx\4.2.10\metrics-jmx-4.2.10.jar;C:\Users\06960720761\.m2\repository\io\dropwizard\metrics\metrics-servlets\4.2.10\metrics-servlets-4.2.10.jar;C:\Users\06960720761\.m2\repository\io\dropwizard\metrics\metrics-json\4.2.10\metrics-json-4.2.10.jar;C:\Users\06960720761\.m2\repository\com\helger\profiler\1.1.1\profiler-1.1.1.jar;C:\Users\06960720761\.m2\repository\io\dropwizard\metrics\metrics-healthchecks\4.2.10\metrics-healthchecks-4.2.10.jar;C:\Users\06960720761\.m2\repository\io\dropwizard\dropwizard-request-logging\2.1.1\dropwizard-request-logging-2.1.1.jar;C:\Users\06960720761\.m2\repository\ch\qos\logback\logback-access\1.2.11\logback-access-1.2.11.jar;C:\Users\06960720761\.m2\repository\ch\qos\logback\logback-classic\1.2.11\logback-classic-1.2.11.jar;C:\Users\06960720761\.m2\repository\com\fasterxml\jackson\core\jackson-annotations\2.13.3\jackson-annotations-2.13.3.jar;C:\Users\06960720761\.m2\repository\com\fasterxml\jackson\core\jackson-databind\2.13.3\jackson-databind-2.13.3.jar;C:\Users\06960720761\.m2\repository\com\google\code\findbugs\jsr305\3.0.2\jsr305-3.0.2.jar;C:\Users\06960720761\.m2\repository\jakarta\servlet\jakarta.servlet-api\4.0.4\jakarta.servlet-api-4.0.4.jar;C:\Users\06960720761\.m2\repository\jakarta\validation\jakarta.validation-api\2.0.2\jakarta.validation-api-2.0.2.jar;C:\Users\06960720761\.m2\repository\jakarta\ws\rs\jakarta.ws.rs-api\2.1.6\jakarta.ws.rs-api-2.1.6.jar;C:\Users\06960720761\.m2\repository\net\sourceforge\argparse4j\argparse4j\0.9.0\argparse4j-0.9.0.jar;C:\Users\06960720761\.m2\repository\org\eclipse\jetty\jetty-security\9.4.48.v20220622\jetty-security-9.4.48.v20220622.jar;C:\Users\06960720761\.m2\repository\org\eclipse\jetty\jetty-server\9.4.48.v20220622\jetty-server-9.4.48.v20220622.jar;C:\Users\06960720761\.m2\repository\org\eclipse\jetty\jetty-servlet\9.4.48.v20220622\jetty-servlet-9.4.48.v20220622.jar;C:\Users\06960720761\.m2\repository\org\eclipse\jetty\jetty-util-ajax\9.4.48.v20220622\jetty-util-ajax-9.4.48.v20220622.jar;C:\Users\06960720761\.m2\repository\org\eclipse\jetty\jetty-util\9.4.48.v20220622\jetty-util-9.4.48.v20220622.jar;C:\Users\06960720761\.m2\repository\org\eclipse\jetty\toolchain\setuid\jetty-setuid-java\1.0.4\jetty-setuid-java-1.0.4.jar;C:\Users\06960720761\.m2\repository\jakarta\inject\jakarta.inject-api\1.0.5\jakarta.inject-api-1.0.5.jar;C:\Users\06960720761\.m2\repository\org\glassfish\jersey\core\jersey-common\2.36\jersey-common-2.36.jar;C:\Users\06960720761\.m2\repository\org\glassfish\hk2\external\jakarta.inject\2.6.1\jakarta.inject-2.6.1.jar;C:\Users\06960720761\.m2\repository\org\glassfish\hk2\osgi-resource-locator\1.0.3\osgi-resource-locator-1.0.3.jar;C:\Users\06960720761\.m2\repository\org\glassfish\jersey\ext\jersey-bean-validation\2.36\jersey-bean-validation-2.36.jar;C:\Users\06960720761\.m2\repository\org\hibernate\validator\hibernate-validator\6.2.3.Final\hibernate-validator-6.2.3.Final.jar;C:\Users\06960720761\.m2\repository\org\jboss\logging\jboss-logging\3.4.1.Final\jboss-logging-3.4.1.Final.jar;C:\Users\06960720761\.m2\repository\org\slf4j\slf4j-api\1.7.36\slf4j-api-1.7.36.jar;C:\Users\06960720761\.m2\repository\io\dropwizard\dropwizard-auth\2.1.1\dropwizard-auth-2.1.1.jar;C:\Users\06960720761\.m2\repository\io\dropwizard\metrics\metrics-caffeine\4.2.10\metrics-caffeine-4.2.10.jar;C:\Users\06960720761\.m2\repository\org\checkerframework\checker-qual\3.22.2\checker-qual-3.22.2.jar;C:\Users\06960720761\.m2\repository\com\github\ben-manes\caffeine\caffeine\2.9.3\caffeine-2.9.3.jar;C:\Users\06960720761\.m2\repository\com\google\errorprone\error_prone_annotations\2.10.0\error_prone_annotations-2.10.0.jar;C:\Users\06960720761\.m2\repository\jakarta\annotation\jakarta.annotation-api\1.3.5\jakarta.annotation-api-1.3.5.jar;C:\Users\06960720761\.m2\repository\org\glassfish\jersey\containers\jersey-container-servlet-core\2.36\jersey-container-servlet-core-2.36.jar;C:\Users\06960720761\.m2\repository\org\glassfish\jersey\core\jersey-server\2.36\jersey-server-2.36.jar;C:\Users\06960720761\.m2\repository\io\dropwizard\dropwizard-assets\2.1.1\dropwizard-assets-2.1.1.jar;C:\Users\06960720761\.m2\repository\io\dropwizard\dropwizard-http2\2.1.1\dropwizard-http2-2.1.1.jar;C:\Users\06960720761\.m2\repository\org\eclipse\jetty\jetty-alpn-server\9.4.48.v20220622\jetty-alpn-server-9.4.48.v20220622.jar;C:\Users\06960720761\.m2\repository\org\eclipse\jetty\jetty-http\9.4.48.v20220622\jetty-http-9.4.48.v20220622.jar;C:\Users\06960720761\.m2\repository\org\eclipse\jetty\http2\http2-server\9.4.48.v20220622\http2-server-9.4.48.v20220622.jar;C:\Users\06960720761\.m2\repository\org\eclipse\jetty\http2\http2-common\9.4.48.v20220622\http2-common-9.4.48.v20220622.jar;C:\Users\06960720761\.m2\repository\org\eclipse\jetty\http2\http2-hpack\9.4.48.v20220622\http2-hpack-9.4.48.v20220622.jar;C:\Users\06960720761\.m2\repository\org\eclipse\jetty\jetty-alpn-java-server\9.4.48.v20220622\jetty-alpn-java-server-9.4.48.v20220622.jar;C:\Users\06960720761\.m2\repository\org\eclipse\jetty\jetty-alpn-java-client\9.4.48.v20220622\jetty-alpn-java-client-9.4.48.v20220622.jar;C:\Users\06960720761\.m2\repository\org\eclipse\jetty\jetty-alpn-client\9.4.48.v20220622\jetty-alpn-client-9.4.48.v20220622.jar;C:\Users\06960720761\.m2\repository\io\dropwizard\dropwizard-hibernate\2.1.1\dropwizard-hibernate-2.1.1.jar;C:\Users\06960720761\.m2\repository\io\dropwizard\dropwizard-db\2.1.1\dropwizard-db-2.1.1.jar;C:\Users\06960720761\.m2\repository\com\fasterxml\jackson\datatype\jackson-datatype-hibernate5\2.13.3\jackson-datatype-hibernate5-2.13.3.jar;C:\Users\06960720761\.m2\repository\javax\persistence\javax.persistence-api\2.2\javax.persistence-api-2.2.jar;C:\Users\06960720761\.m2\repository\org\apache\tomcat\tomcat-jdbc\9.0.64\tomcat-jdbc-9.0.64.jar;C:\Users\06960720761\.m2\repository\org\apache\tomcat\tomcat-juli\9.0.64\tomcat-juli-9.0.64.jar;C:\Users\06960720761\.m2\repository\org\glassfish\jersey\core\jersey-client\2.36\jersey-client-2.36.jar;C:\Users\06960720761\.m2\repository\org\javassist\javassist\3.29.0-GA\javassist-3.29.0-GA.jar;C:\Users\06960720761\.m2\repository\org\jadira\usertype\usertype.core\7.0.0.CR1\usertype.core-7.0.0.CR1.jar;C:\Users\06960720761\.m2\repository\org\jadira\usertype\usertype.spi\7.0.0.CR1\usertype.spi-7.0.0.CR1.jar;C:\Users\06960720761\.m2\repository\org\hibernate\hibernate-core\5.6.9.Final\hibernate-core-5.6.9.Final.jar;C:\Users\06960720761\.m2\repository\antlr\antlr\2.7.7\antlr-2.7.7.jar;C:\Users\06960720761\.m2\repository\org\jboss\spec\javax\transaction\jboss-transaction-api_1.2_spec\1.1.1.Final\jboss-transaction-api_1.2_spec-1.1.1.Final.jar;C:\Users\06960720761\.m2\repository\org\jboss\jandex\2.4.2.Final\jandex-2.4.2.Final.jar;C:\Users\06960720761\.m2\repository\org\hibernate\common\hibernate-commons-annotations\5.1.2.Final\hibernate-commons-annotations-5.1.2.Final.jar;C:\Users\06960720761\.m2\repository\org\glassfish\jaxb\jaxb-runtime\2.3.1\jaxb-runtime-2.3.1.jar;C:\Users\06960720761\.m2\repository\org\glassfish\jaxb\txw2\2.3.1\txw2-2.3.1.jar;C:\Users\06960720761\.m2\repository\com\sun\istack\istack-commons-runtime\3.0.7\istack-commons-runtime-3.0.7.jar;C:\Users\06960720761\.m2\repository\org\jvnet\staxex\stax-ex\1.8\stax-ex-1.8.jar;C:\Users\06960720761\.m2\repository\com\sun\xml\fastinfoset\FastInfoset\1.2.15\FastInfoset-1.2.15.jar;C:\Users\06960720761\.m2\repository\jakarta\activation\jakarta.activation-api\1.2.2\jakarta.activation-api-1.2.2.jar;C:\Users\06960720761\.m2\repository\jakarta\xml\bind\jakarta.xml.bind-api\2.3.3\jakarta.xml.bind-api-2.3.3.jar;C:\Users\06960720761\.m2\repository\io\dropwizard\dropwizard-migrations\2.1.1\dropwizard-migrations-2.1.1.jar;C:\Users\06960720761\.m2\repository\org\liquibase\liquibase-core\4.12.0\liquibase-core-4.12.0.jar;C:\Users\06960720761\.m2\repository\com\opencsv\opencsv\5.6\opencsv-5.6.jar;C:\Users\06960720761\.m2\repository\org\apache\commons\commons-collections4\4.4\commons-collections4-4.4.jar;C:\Users\06960720761\.m2\repository\com\mattbertolini\liquibase-slf4j\4.1.0\liquibase-slf4j-4.1.0.jar;C:\Users\06960720761\.m2\repository\io\dropwizard\dropwizard-views-freemarker\2.1.1\dropwizard-views-freemarker-2.1.1.jar;C:\Users\06960720761\.m2\repository\io\dropwizard\dropwizard-views\2.1.1\dropwizard-views-2.1.1.jar;C:\Users\06960720761\.m2\repository\org\freemarker\freemarker\2.3.31\freemarker-2.3.31.jar;C:\Users\06960720761\.m2\repository\io\dropwizard\dropwizard-views-mustache\2.1.1\dropwizard-views-mustache-2.1.1.jar;C:\Users\06960720761\.m2\repository\com\github\spullara\mustache\java\compiler\0.9.10\compiler-0.9.10.jar;C:\Users\06960720761\.m2\repository\io\dropwizard\dropwizard-metrics-graphite\2.1.1\dropwizard-metrics-graphite-2.1.1.jar;C:\Users\06960720761\.m2\repository\io\dropwizard\metrics\metrics-graphite\4.2.10\metrics-graphite-4.2.10.jar;C:\Users\06960720761\.m2\repository\com\rabbitmq\amqp-client\5.15.0\amqp-client-5.15.0.jar;C:\Users\06960720761\.m2\repository\com\h2database\h2\2.1.214\h2-2.1.214.jar;C:\Users\06960720761\.m2\repository\io\dropwizard\dropwizard-testing\2.1.1\dropwizard-testing-2.1.1.jar;C:\Users\06960720761\.m2\repository\io\dropwizard\metrics\metrics-annotation\4.2.10\metrics-annotation-4.2.10.jar;C:\Users\06960720761\.m2\repository\com\fasterxml\jackson\datatype\jackson-datatype-guava\2.13.3\jackson-datatype-guava-2.13.3.jar;C:\Users\06960720761\.m2\repository\com\fasterxml\jackson\jaxrs\jackson-jaxrs-json-provider\2.13.3\jackson-jaxrs-json-provider-2.13.3.jar;C:\Users\06960720761\.m2\repository\com\fasterxml\jackson\jaxrs\jackson-jaxrs-base\2.13.3\jackson-jaxrs-base-2.13.3.jar;C:\Users\06960720761\.m2\repository\com\fasterxml\jackson\module\jackson-module-jaxb-annotations\2.13.3\jackson-module-jaxb-annotations-2.13.3.jar;C:\Users\06960720761\.m2\repository\org\eclipse\jetty\jetty-io\9.4.48.v20220622\jetty-io-9.4.48.v20220622.jar;C:\Users\06960720761\.m2\repository\org\glassfish\jersey\connectors\jersey-grizzly-connector\2.36\jersey-grizzly-connector-2.36.jar;C:\Users\06960720761\.m2\repository\org\glassfish\grizzly\grizzly-http-client\1.16\grizzly-http-client-1.16.jar;C:\Users\06960720761\.m2\repository\org\glassfish\grizzly\grizzly-websockets\2.4.4\grizzly-websockets-2.4.4.jar;C:\Users\06960720761\.m2\repository\org\glassfish\grizzly\grizzly-framework\2.4.4\grizzly-framework-2.4.4.jar;C:\Users\06960720761\.m2\repository\org\glassfish\grizzly\grizzly-http\2.4.4\grizzly-http-2.4.4.jar;C:\Users\06960720761\.m2\repository\org\glassfish\grizzly\connection-pool\2.4.4\connection-pool-2.4.4.jar;C:\Users\06960720761\.m2\repository\org\glassfish\jersey\test-framework\jersey-test-framework-core\2.36\jersey-test-framework-core-2.36.jar;C:\Users\06960720761\.m2\repository\org\glassfish\jersey\media\jersey-media-jaxb\2.36\jersey-media-jaxb-2.36.jar;C:\Users\06960720761\.m2\repository\org\junit\jupiter\junit-jupiter\5.8.2\junit-jupiter-5.8.2.jar;C:\Users\06960720761\.m2\repository\org\junit\jupiter\junit-jupiter-api\5.8.2\junit-jupiter-api-5.8.2.jar;C:\Users\06960720761\.m2\repository\org\opentest4j\opentest4j\1.2.0\opentest4j-1.2.0.jar;C:\Users\06960720761\.m2\repository\org\junit\platform\junit-platform-commons\1.8.2\junit-platform-commons-1.8.2.jar;C:\Users\06960720761\.m2\repository\org\junit\jupiter\junit-jupiter-engine\5.8.2\junit-jupiter-engine-5.8.2.jar;C:\Users\06960720761\.m2\repository\org\junit\platform\junit-platform-engine\1.8.2\junit-platform-engine-1.8.2.jar;C:\Users\06960720761\.m2\repository\org\junit\jupiter\junit-jupiter-params\5.8.2\junit-jupiter-params-5.8.2.jar;C:\Users\06960720761\.m2\repository\org\apiguardian\apiguardian-api\1.1.2\apiguardian-api-1.1.2.jar;C:\Users\06960720761\.m2\repository\org\testcontainers\junit-jupiter\1.16.3\junit-jupiter-1.16.3.jar;C:\Users\06960720761\.m2\repository\org\testcontainers\testcontainers\1.16.3\testcontainers-1.16.3.jar;C:\Users\06960720761\.m2\repository\junit\junit\4.13.2\junit-4.13.2.jar;C:\Users\06960720761\.m2\repository\org\hamcrest\hamcrest-core\1.3\hamcrest-core-1.3.jar;C:\Users\06960720761\.m2\repository\org\apache\commons\commons-compress\1.21\commons-compress-1.21.jar;C:\Users\06960720761\.m2\repository\org\rnorth\duct-tape\duct-tape\1.0.8\duct-tape-1.0.8.jar;C:\Users\06960720761\.m2\repository\org\jetbrains\annotations\17.0.0\annotations-17.0.0.jar;C:\Users\06960720761\.m2\repository\com\github\docker-java\docker-java-api\3.2.12\docker-java-api-3.2.12.jar;C:\Users\06960720761\.m2\repository\com\github\docker-java\docker-java-transport-zerodep\3.2.12\docker-java-transport-zerodep-3.2.12.jar;C:\Users\06960720761\.m2\repository\com\github\docker-java\docker-java-transport\3.2.12\docker-java-transport-3.2.12.jar;C:\Users\06960720761\.m2\repository\net\java\dev\jna\jna\5.10.0\jna-5.10.0.jar;C:\Users\06960720761\.m2\repository\org\testcontainers\mysql\1.16.3\mysql-1.16.3.jar;C:\Users\06960720761\.m2\repository\org\testcontainers\jdbc\1.16.3\jdbc-1.16.3.jar;C:\Users\06960720761\.m2\repository\org\testcontainers\database-commons\1.16.3\database-commons-1.16.3.jar;C:\Users\06960720761\.m2\repository\mysql\mysql-connector-java\8.0.28\mysql-connector-java-8.0.28.jar;C:\Users\06960720761\.m2\repository\com\google\protobuf\protobuf-java\3.11.4\protobuf-java-3.11.4.jar;C:\Users\06960720761\.m2\repository\org\mockito\mockito-core\4.6.1\mockito-core-4.6.1.jar;C:\Users\06960720761\.m2\repository\net\bytebuddy\byte-buddy\1.12.12\byte-buddy-1.12.12.jar;C:\Users\06960720761\.m2\repository\net\bytebuddy\byte-buddy-agent\1.12.10\byte-buddy-agent-1.12.10.jar;C:\Users\06960720761\.m2\repository\org\objenesis\objenesis\3.2\objenesis-3.2.jar;C:\Users\06960720761\.m2\repository\org\assertj\assertj-core\3.23.1\assertj-core-3.23.1.jar;C:\Users\06960720761\.m2\repository\org\glassfish\jersey\test-framework\providers\jersey-test-framework-provider-inmemory\2.36\jersey-test-framework-provider-inmemory-2.36.jar;C:\Users\06960720761\.m2\repository\org\glassfish\jersey\test-framework\providers\jersey-test-framework-provider-grizzly2\2.36\jersey-test-framework-provider-grizzly2-2.36.jar;C:\Users\06960720761\.m2\repository\org\glassfish\jersey\containers\jersey-container-grizzly2-http\2.36\jersey-container-grizzly2-http-2.36.jar;C:\Users\06960720761\.m2\repository\org\glassfish\grizzly\grizzly-http-server\2.4.4\grizzly-http-server-2.4.4.jar;C:\Users\06960720761\.m2\repository\org\glassfish\jersey\containers\jersey-container-grizzly2-servlet\2.36\jersey-container-grizzly2-servlet-2.36.jar;C:\Users\06960720761\.m2\repository\org\glassfish\grizzly\grizzly-http-servlet\2.4.4\grizzly-http-servlet-2.4.4.jar;"/>
    <property name="sun.cpu.endian" value="little"/>
    <property name="user.home" value="C:\Users\06960720761"/>
    <property name="user.language" value="en"/>
    <property name="java.specification.vendor" value="Oracle Corporation"/>
    <property name="java.version.date" value="2022-07-19"/>
    <property name="java.home" value="C:\Program Files\Java\jdk-18.0.2"/>
    <property name="file.separator" value="\"/>
    <property name="basedir" value="C:\Users\06960720761\codigo_porangatu"/>
    <property name="java.vm.compressedOopsMode" value="32-bit"/>
    <property name="line.separator" value="&#10;"/>
    <property name="java.vm.specification.vendor" value="Oracle Corporation"/>
    <property name="java.specification.name" value="Java Platform API Specification"/>
    <property name="surefire.real.class.path" value="C:\Users\069607~1\AppData\Local\Temp\surefire7314249872259018170\surefirebooter13341622627779664747.jar"/>
    <property name="user.script" value=""/>
    <property name="sun.management.compiler" value="HotSpot 64-Bit Tiered Compilers"/>
    <property name="java.runtime.version" value="18.0.2+9-61"/>
    <property name="user.name" value="06960720761"/>
    <property name="path.separator" value=";"/>
    <property name="os.version" value="10.0"/>
    <property name="java.runtime.name" value="Java(TM) SE Runtime Environment"/>
    <property name="file.encoding" value="UTF-8"/>
    <property name="java.vm.name" value="Java HotSpot(TM) 64-Bit Server VM"/>
    <property name="localRepository" value="C:\Users\06960720761\.m2\repository"/>
    <property name="java.vendor.url.bug" value="https://bugreport.java.com/bugreport/"/>
    <property name="java.io.tmpdir" value="C:\Users\069607~1\AppData\Local\Temp\"/>
    <property name="java.version" value="18.0.2"/>
    <property name="user.dir" value="C:\Users\06960720761\codigo_porangatu"/>
    <property name="os.arch" value="amd64"/>
    <property name="java.vm.specification.name" value="Java Virtual Machine Specification"/>
    <property name="sun.os.patch.level" value=""/>
    <property name="native.encoding" value="Cp1252"/>
    <property name="java.library.path" value="C:\Program Files\Java\jdk-18.0.2\bin;C:\Windows\Sun\Java\bin;C:\Windows\system32;C:\Windows;C:\Program Files\Common Files\Oracle\Java\javapath;C:\Program Files (x86)\Common Files\Oracle\Java\javapath;C:\Windows\system32;C:\Windows;C:\Windows\System32\Wbem;C:\Windows\System32\WindowsPowerShell\v1.0\;C:\Windows\System32\OpenSSH\;C:\Program Files\dotnet\;C:\Program Files (x86)\dotnet\;C:\Program Files\Microsoft SQL Server\Client SDK\ODBC\130\Tools\Binn\;C:\Program Files (x86)\Microsoft SQL Server\140\Tools\Binn\;C:\Program Files\Microsoft SQL Server\140\Tools\Binn\;C:\Program Files\Microsoft SQL Server\140\DTS\Binn\;C:\Program Files\MATLAB\R2015a\runtime\win64;C:\Program Files\MATLAB\R2015a\bin;C:\SQLite;C:\Program Files (x86)\sqlite-3;C:\Program Files\Microsoft VS Code\bin;C:\Program Files\Git\cmd;C:\Program Files\PuTTY\;C:\Users\06960720761\AppData\Local\Microsoft\WindowsApps;\Users\06960720761\maven\bin;."/>
    <property name="java.vm.info" value="mixed mode, sharing"/>
    <property name="java.vendor" value="Oracle Corporation"/>
    <property name="java.vm.version" value="18.0.2+9-61"/>
    <property name="sun.io.unicode.encoding" value="UnicodeLittle"/>
    <property name="java.class.version" value="62.0"/>
  </properties>
  <testcase name="serializesToJSON" classname="com.example.helloworld.core.PersonTest" time="0.397"/>
</testsuite>